step4-custom-device-actions/gradleBuild/outputs/logs/manifest-merger-debug-report.txt
-- Merging decision tree log ---
manifest
ADDED from src\main\AndroidManifest.xml:17:1-42:12
INJECTED from src\main\AndroidManifest.xml:17:1-42:12
MERGED from [:shared] AndroidManifest.xml:17:1-35:12
MERGED from [com.google.android.things.contrib:driver-rainbowhat:1.0] AndroidManifest.xml:17:1-30:12
MERGED from [org.tensorflow:tensorflow-android:1.13.1] AndroidManifest.xml:2:1-8:12
MERGED from [com.google.android.things.contrib:driver-voicehat:1.0] AndroidManifest.xml:17:1-30:12
MERGED from [com.google.android.things.contrib:driver-apa102:1.0] AndroidManifest.xml:17:1-30:12
MERGED from [com.google.android.things.contrib:driver-button:1.0] AndroidManifest.xml:17:1-30:12
MERGED from [com.google.android.things.contrib:driver-bmx280:1.0] AndroidManifest.xml:17:1-30:12
MERGED from [com.google.android.things.contrib:driver-ht16k33:1.0] AndroidManifest.xml:17:1-30:12
MERGED from [com.google.android.things.contrib:driver-pwmspeaker:1.0] AndroidManifest.xml:17:1-30:12
MERGED from [com.google.android.things.contrib:driver-pwmservo:1.0] AndroidManifest.xml:17:1-30:12
INJECTED from src\main\AndroidManifest.xml:17:1-42:12
	package
		ADDED from src\main\AndroidManifest.xml:18:5-50
		INJECTED from src\main\AndroidManifest.xml
		INJECTED from src\main\AndroidManifest.xml
	xmlns:android
		ADDED from src\main\AndroidManifest.xml:17:11-69
uses-feature#android.hardware.camera
ADDED from src\main\AndroidManifest.xml:19:3-20:33
	android:required
		ADDED from src\main\AndroidManifest.xml:20:7-30
	android:name
		ADDED from src\main\AndroidManifest.xml:19:17-55
uses-permission#android.permission.READ_EXTERNAL_STORAGE
ADDED from src\main\AndroidManifest.xml:21:3-77
	android:name
		ADDED from src\main\AndroidManifest.xml:21:20-75
uses-permission#android.permission.CAMERA
ADDED from src\main\AndroidManifest.xml:22:3-62
	android:name
		ADDED from src\main\AndroidManifest.xml:22:20-60
uses-permission#android.permisssion.ACCESS_FINE_LOCATION
ADDED from src\main\AndroidManifest.xml:23:3-94
	android:name
		ADDED from src\main\AndroidManifest.xml:23:20-75
uses-permission#android.permisssion.ACCESS_COARSE_LOCATION
ADDED from src\main\AndroidManifest.xml:24:3-96
	android:name
		ADDED from src\main\AndroidManifest.xml:24:20-77
uses-permission#com.google.android.things.permission.USE_PERIPHERAL_IO
ADDED from src\main\AndroidManifest.xml:25:3-91
MERGED from [:shared] AndroidManifest.xml:29:5-94
MERGED from [:shared] AndroidManifest.xml:29:5-94
	android:name
		ADDED from src\main\AndroidManifest.xml:25:20-89
uses-permission#com.google.android.things.permission.MANAGE_INPUT_DRIVERS
ADDED from src\main\AndroidManifest.xml:26:3-95
	android:name
		ADDED from src\main\AndroidManifest.xml:26:20-92
uses-permission#android.permission.WRITE_EXTERNAL_STORAGE
ADDED from src\main\AndroidManifest.xml:28:3-95
	android:name
		ADDED from src\main\AndroidManifest.xml:28:20-76
application
ADDED from src\main\AndroidManifest.xml:29:3-41:17
MERGED from [:shared] AndroidManifest.xml:31:5-33:19
MERGED from [:shared] AndroidManifest.xml:31:5-33:19
MERGED from [com.google.android.things.contrib:driver-rainbowhat:1.0] AndroidManifest.xml:24:5-28:19
MERGED from [com.google.android.things.contrib:driver-rainbowhat:1.0] AndroidManifest.xml:24:5-28:19
MERGED from [org.tensorflow:tensorflow-android:1.13.1] AndroidManifest.xml:5:5-6:19
MERGED from [org.tensorflow:tensorflow-android:1.13.1] AndroidManifest.xml:5:5-6:19
MERGED from [com.google.android.things.contrib:driver-voicehat:1.0] AndroidManifest.xml:24:5-28:19
MERGED from [com.google.android.things.contrib:driver-voicehat:1.0] AndroidManifest.xml:24:5-28:19
MERGED from [com.google.android.things.contrib:driver-apa102:1.0] AndroidManifest.xml:24:5-28:19
MERGED from [com.google.android.things.contrib:driver-apa102:1.0] AndroidManifest.xml:24:5-28:19
MERGED from [com.google.android.things.contrib:driver-button:1.0] AndroidManifest.xml:24:5-28:19
MERGED from [com.google.android.things.contrib:driver-button:1.0] AndroidManifest.xml:24:5-28:19
MERGED from [com.google.android.things.contrib:driver-bmx280:1.0] AndroidManifest.xml:24:5-28:19
MERGED from [com.google.android.things.contrib:driver-bmx280:1.0] AndroidManifest.xml:24:5-28:19
MERGED from [com.google.android.things.contrib:driver-ht16k33:1.0] AndroidManifest.xml:24:5-28:19
MERGED from [com.google.android.things.contrib:driver-ht16k33:1.0] AndroidManifest.xml:24:5-28:19
MERGED from [com.google.android.things.contrib:driver-pwmspeaker:1.0] AndroidManifest.xml:24:5-28:19
MERGED from [com.google.android.things.contrib:driver-pwmspeaker:1.0] AndroidManifest.xml:24:5-28:19
MERGED from [com.google.android.things.contrib:driver-pwmservo:1.0] AndroidManifest.xml:24:5-28:19
MERGED from [com.google.android.things.contrib:driver-pwmservo:1.0] AndroidManifest.xml:24:5-28:19
	android:label
		ADDED from src\main\AndroidManifest.xml:32:7-32
	android:icon
		ADDED from src\main\AndroidManifest.xml:31:7-56
	android:allowBackup
		ADDED from src\main\AndroidManifest.xml:30:7-33
activity#com.example.androidthings.assistant.AssistantActivity
ADDED from src\main\AndroidManifest.xml:34:5-40:16
	android:name
		ADDED from src\main\AndroidManifest.xml:34:15-48
intent-filter#action:name:android.intent.action.MAIN+category:name:android.intent.category.LAUNCHER
ADDED from src\main\AndroidManifest.xml:35:7-38:23
action#android.intent.action.MAIN
ADDED from src\main\AndroidManifest.xml:36:9-61
	android:name
		ADDED from src\main\AndroidManifest.xml:36:17-58
category#android.intent.category.LAUNCHER
ADDED from src\main\AndroidManifest.xml:37:9-69
	android:name
		ADDED from src\main\AndroidManifest.xml:37:19-66
uses-sdk
INJECTED from src\main\AndroidManifest.xml reason: use-sdk injection requested
INJECTED from src\main\AndroidManifest.xml
INJECTED from src\main\AndroidManifest.xml
MERGED from [:shared] AndroidManifest.xml:22:5-24:41
MERGED from [:shared] AndroidManifest.xml:22:5-24:41
MERGED from [com.google.android.things.contrib:driver-rainbowhat:1.0] AndroidManifest.xml:20:5-22:41
MERGED from [com.google.android.things.contrib:driver-rainbowhat:1.0] AndroidManifest.xml:20:5-22:41
MERGED from [com.google.android.things.contrib:driver-voicehat:1.0] AndroidManifest.xml:20:5-22:41
MERGED from [com.google.android.things.contrib:driver-voicehat:1.0] AndroidManifest.xml:20:5-22:41
MERGED from [com.google.android.things.contrib:driver-apa102:1.0] AndroidManifest.xml:20:5-22:41
MERGED from [com.google.android.things.contrib:driver-apa102:1.0] AndroidManifest.xml:20:5-22:41
MERGED from [com.google.android.things.contrib:driver-button:1.0] AndroidManifest.xml:20:5-22:41
MERGED from [com.google.android.things.contrib:driver-button:1.0] AndroidManifest.xml:20:5-22:41
MERGED from [com.google.android.things.contrib:driver-bmx280:1.0] AndroidManifest.xml:20:5-22:41
MERGED from [com.google.android.things.contrib:driver-bmx280:1.0] AndroidManifest.xml:20:5-22:41
MERGED from [com.google.android.things.contrib:driver-ht16k33:1.0] AndroidManifest.xml:20:5-22:41
MERGED from [com.google.android.things.contrib:driver-ht16k33:1.0] AndroidManifest.xml:20:5-22:41
MERGED from [com.google.android.things.contrib:driver-pwmspeaker:1.0] AndroidManifest.xml:20:5-22:41
MERGED from [com.google.android.things.contrib:driver-pwmspeaker:1.0] AndroidManifest.xml:20:5-22:41
MERGED from [com.google.android.things.contrib:driver-pwmservo:1.0] AndroidManifest.xml:20:5-22:41
MERGED from [com.google.android.things.contrib:driver-pwmservo:1.0] AndroidManifest.xml:20:5-22:41
INJECTED from src\main\AndroidManifest.xml
INJECTED from src\main\AndroidManifest.xml
	android:targetSdkVersion
		INJECTED from src\main\AndroidManifest.xml
		ADDED from src\main\AndroidManifest.xml
		INJECTED from src\main\AndroidManifest.xml
	android:minSdkVersion
		INJECTED from src\main\AndroidManifest.xml
		ADDED from src\main\AndroidManifest.xml
		INJECTED from src\main\AndroidManifest.xml
uses-permission#android.permission.RECORD_AUDIO
ADDED from [:shared] AndroidManifest.xml:26:5-71
	android:name
		ADDED from [:shared] AndroidManifest.xml:26:22-68
uses-permission#android.permission.MODIFY_AUDIO_SETTINGS
ADDED from [:shared] AndroidManifest.xml:27:5-80
	android:name
		ADDED from [:shared] AndroidManifest.xml:27:22-77
uses-permission#android.permission.INTERNET
ADDED from [:shared] AndroidManifest.xml:28:5-67
	android:name
		ADDED from [:shared] AndroidManifest.xml:28:22-64
uses-library#com.google.android.things
ADDED from [:shared] AndroidManifest.xml:32:9-66
MERGED from [com.google.android.things.contrib:driver-rainbowhat:1.0] AndroidManifest.xml:25:9-27:40
MERGED from [com.google.android.things.contrib:driver-rainbowhat:1.0] AndroidManifest.xml:25:9-27:40
MERGED from [com.google.android.things.contrib:driver-voicehat:1.0] AndroidManifest.xml:25:9-27:40
MERGED from [com.google.android.things.contrib:driver-voicehat:1.0] AndroidManifest.xml:25:9-27:40
MERGED from [com.google.android.things.contrib:driver-apa102:1.0] AndroidManifest.xml:25:9-27:40
MERGED from [com.google.android.things.contrib:driver-apa102:1.0] AndroidManifest.xml:25:9-27:40
MERGED from [com.google.android.things.contrib:driver-button:1.0] AndroidManifest.xml:25:9-27:40
MERGED from [com.google.android.things.contrib:driver-button:1.0] AndroidManifest.xml:25:9-27:40
MERGED from [com.google.android.things.contrib:driver-bmx280:1.0] AndroidManifest.xml:25:9-27:40
MERGED from [com.google.android.things.contrib:driver-bmx280:1.0] AndroidManifest.xml:25:9-27:40
MERGED from [com.google.android.things.contrib:driver-ht16k33:1.0] AndroidManifest.xml:25:9-27:40
MERGED from [com.google.android.things.contrib:driver-ht16k33:1.0] AndroidManifest.xml:25:9-27:40
MERGED from [com.google.android.things.contrib:driver-pwmspeaker:1.0] AndroidManifest.xml:25:9-27:40
MERGED from [com.google.android.things.contrib:driver-pwmspeaker:1.0] AndroidManifest.xml:25:9-27:40
MERGED from [com.google.android.things.contrib:driver-pwmservo:1.0] AndroidManifest.xml:25:9-27:40
MERGED from [com.google.android.things.contrib:driver-pwmservo:1.0] AndroidManifest.xml:25:9-27:40
	android:name
		ADDED from [:shared] AndroidManifest.xml:32:23-63
uses-permission#android.permission.READ_PHONE_STATE
IMPLIED from src\main\AndroidManifest.xml:17:1-42:12 reason: tensorflow.contrib.android has a targetSdkVersion < 4